<?xml version="1.0" encoding="UTF-8"?>
<testsuite name="seed.project.SeedApplicationTests" tests="1" skipped="0" failures="0" errors="0" timestamp="2024-07-30T10:31:30" hostname="DESKTOP-UNAE453" time="0.857">
  <properties/>
  <testcase name="contextLoads()" classname="seed.project.SeedApplicationTests" time="0.857"/>
  <system-out><![CDATA[19:31:27.604 [Test worker] INFO org.springframework.test.context.support.AnnotationConfigContextLoaderUtils -- Could not detect default configuration classes for test class [seed.project.SeedApplicationTests]: SeedApplicationTests does not declare any static, non-private, non-final, nested classes annotated with @Configuration.
19:31:27.709 [Test worker] INFO org.springframework.boot.test.context.SpringBootTestContextBootstrapper -- Found @SpringBootConfiguration seed.project.SeedApplication for test class seed.project.SeedApplicationTests

  .   ____          _            __ _ _
 /\\ / ___'_ __ _ _(_)_ __  __ _ \ \ \ \
( ( )\___ | '_ | '_| | '_ \/ _` | \ \ \ \
 \\/  ___)| |_)| | | | | || (_| |  ) ) ) )
  '  |____| .__|_| |_|_| |_\__, | / / / /
 =========|_|==============|___/=/_/_/_/
 :: Spring Boot ::                (v3.2.5)

2024-07-30T19:31:28.162+09:00  INFO 7100 --- [Seed] [    Test worker] seed.project.SeedApplicationTests        : Starting SeedApplicationTests using Java 17.0.10 with PID 7100 (started by kimjongjo in C:\home_study\Seed_Project\Seed)
2024-07-30T19:31:28.164+09:00  INFO 7100 --- [Seed] [    Test worker] seed.project.SeedApplicationTests        : No active profile set, falling back to 1 default profile: "default"
2024-07-30T19:31:29.263+09:00  INFO 7100 --- [Seed] [    Test worker] com.zaxxer.hikari.HikariDataSource       : MyHikariCP - Starting...
2024-07-30T19:31:29.270+09:00  WARN 7100 --- [Seed] [    Test worker] c.zaxxer.hikari.util.DriverDataSource    : Registered driver with driverClassName=oracle.jdbc.driver.OracleDriver was not found, trying direct instantiation.
2024-07-30T19:31:29.562+09:00  INFO 7100 --- [Seed] [    Test worker] com.zaxxer.hikari.pool.HikariPool        : MyHikariCP - Added connection oracle.jdbc.driver.T4CConnection@6af310c7
2024-07-30T19:31:29.564+09:00  INFO 7100 --- [Seed] [    Test worker] com.zaxxer.hikari.HikariDataSource       : MyHikariCP - Start completed.
2024-07-30T19:31:30.572+09:00  INFO 7100 --- [Seed] [    Test worker] seed.project.SeedApplicationTests        : Started SeedApplicationTests in 2.671 seconds (process running for 3.916)
]]></system-out>
  <system-err><![CDATA[]]></system-err>
</testsuite>
